10/02/2023 12:26:50 com.crm.qa.base.TestBase *********************Starting signuppage testcases**********************
10/02/2023 12:26:51 io.netty.util.internal.logging.InternalLoggerFactory Using Log4J as the default logging framework
10/02/2023 12:26:51 io.netty.util.ResourceLeakDetector -Dio.netty.leakDetection.level: simple
10/02/2023 12:26:51 io.netty.util.ResourceLeakDetector -Dio.netty.leakDetection.targetRecords: 4
10/02/2023 12:26:51 io.netty.util.ResourceLeakDetectorFactory Loaded default ResourceLeakDetector: io.netty.util.ResourceLeakDetector@8dbfffb
10/02/2023 12:26:51 io.netty.util.internal.PlatformDependent0 -Dio.netty.noUnsafe: false
10/02/2023 12:26:51 io.netty.util.internal.PlatformDependent0 Java version: 15
10/02/2023 12:26:51 io.netty.util.internal.PlatformDependent0 sun.misc.Unsafe.theUnsafe: available
10/02/2023 12:26:51 io.netty.util.internal.PlatformDependent0 sun.misc.Unsafe.copyMemory: available
10/02/2023 12:26:51 io.netty.util.internal.PlatformDependent0 sun.misc.Unsafe.storeFence: available
10/02/2023 12:26:51 io.netty.util.internal.PlatformDependent0 java.nio.Buffer.address: available
10/02/2023 12:26:51 io.netty.util.internal.PlatformDependent0 direct buffer constructor: unavailable: Reflective setAccessible(true) disabled
10/02/2023 12:26:51 io.netty.util.internal.PlatformDependent0 java.nio.Bits.unaligned: available, true
10/02/2023 12:26:51 io.netty.util.internal.PlatformDependent0 jdk.internal.misc.Unsafe.allocateUninitializedArray(int): unavailable: class io.netty.util.internal.PlatformDependent0$7 cannot access class jdk.internal.misc.Unsafe (in module java.base) because module java.base does not export jdk.internal.misc to unnamed module @cd1d761
10/02/2023 12:26:51 io.netty.util.internal.PlatformDependent0 java.nio.DirectByteBuffer.<init>(long, int): unavailable
10/02/2023 12:26:51 io.netty.util.internal.PlatformDependent sun.misc.Unsafe: available
10/02/2023 12:26:51 io.netty.util.internal.PlatformDependent maxDirectMemory: 1598029824 bytes (maybe)
10/02/2023 12:26:51 io.netty.util.internal.PlatformDependent -Dio.netty.tmpdir: C:\Users\HP\AppData\Local\Temp (java.io.tmpdir)
10/02/2023 12:26:51 io.netty.util.internal.PlatformDependent -Dio.netty.bitMode: 64 (sun.arch.data.model)
10/02/2023 12:26:51 io.netty.util.internal.PlatformDependent Platform: Windows
10/02/2023 12:26:51 io.netty.util.internal.PlatformDependent -Dio.netty.maxDirectMemory: -1 bytes
10/02/2023 12:26:51 io.netty.util.internal.PlatformDependent -Dio.netty.uninitializedArrayAllocationThreshold: -1
10/02/2023 12:26:51 io.netty.util.internal.CleanerJava9 java.nio.ByteBuffer.cleaner(): available
10/02/2023 12:26:51 io.netty.util.internal.PlatformDependent -Dio.netty.noPreferDirect: false
10/02/2023 12:26:51 io.netty.util.internal.PlatformDependent org.jctools-core.MpscChunkedArrayQueue: available
10/02/2023 12:26:51 io.netty.util.internal.InternalThreadLocalMap -Dio.netty.threadLocalMap.stringBuilder.initialSize: 1024
10/02/2023 12:26:51 io.netty.util.internal.InternalThreadLocalMap -Dio.netty.threadLocalMap.stringBuilder.maxSize: 4096
10/02/2023 12:26:51 io.netty.handler.ssl.JdkSslContext Default protocols (JDK): [TLSv1.3, TLSv1.2, TLSv1.1, TLSv1] 
10/02/2023 12:26:51 io.netty.handler.ssl.JdkSslContext Default cipher suites (JDK): [TLS_ECDHE_ECDSA_WITH_AES_256_GCM_SHA384, TLS_ECDHE_ECDSA_WITH_AES_128_GCM_SHA256, TLS_ECDHE_RSA_WITH_AES_128_GCM_SHA256, TLS_ECDHE_RSA_WITH_AES_256_GCM_SHA384, TLS_ECDHE_RSA_WITH_AES_128_CBC_SHA, TLS_ECDHE_RSA_WITH_AES_256_CBC_SHA, TLS_RSA_WITH_AES_128_GCM_SHA256, TLS_RSA_WITH_AES_128_CBC_SHA, TLS_RSA_WITH_AES_256_CBC_SHA, TLS_AES_128_GCM_SHA256, TLS_AES_256_GCM_SHA384]
10/02/2023 12:26:51 io.netty.channel.MultithreadEventLoopGroup -Dio.netty.eventLoopThreads: 8
10/02/2023 12:26:51 io.netty.channel.nio.NioEventLoop -Dio.netty.noKeySetOptimization: false
10/02/2023 12:26:51 io.netty.channel.nio.NioEventLoop -Dio.netty.selectorAutoRebuildThreshold: 512
10/02/2023 12:26:51 io.netty.buffer.PooledByteBufAllocator -Dio.netty.allocator.numHeapArenas: 8
10/02/2023 12:26:51 io.netty.buffer.PooledByteBufAllocator -Dio.netty.allocator.numDirectArenas: 8
10/02/2023 12:26:51 io.netty.buffer.PooledByteBufAllocator -Dio.netty.allocator.pageSize: 8192
10/02/2023 12:26:51 io.netty.buffer.PooledByteBufAllocator -Dio.netty.allocator.maxOrder: 9
10/02/2023 12:26:51 io.netty.buffer.PooledByteBufAllocator -Dio.netty.allocator.chunkSize: 4194304
10/02/2023 12:26:51 io.netty.buffer.PooledByteBufAllocator -Dio.netty.allocator.smallCacheSize: 256
10/02/2023 12:26:51 io.netty.buffer.PooledByteBufAllocator -Dio.netty.allocator.normalCacheSize: 64
10/02/2023 12:26:52 io.netty.buffer.PooledByteBufAllocator -Dio.netty.allocator.maxCachedBufferCapacity: 32768
10/02/2023 12:26:52 io.netty.buffer.PooledByteBufAllocator -Dio.netty.allocator.cacheTrimInterval: 8192
10/02/2023 12:26:52 io.netty.buffer.PooledByteBufAllocator -Dio.netty.allocator.cacheTrimIntervalMillis: 0
10/02/2023 12:26:52 io.netty.buffer.PooledByteBufAllocator -Dio.netty.allocator.useCacheForAllThreads: false
10/02/2023 12:26:52 io.netty.buffer.PooledByteBufAllocator -Dio.netty.allocator.maxCachedByteBuffersPerChunk: 1023
10/02/2023 12:26:52 io.netty.buffer.ByteBufUtil -Dio.netty.allocator.type: pooled
10/02/2023 12:26:52 io.netty.buffer.ByteBufUtil -Dio.netty.threadLocalDirectBufferSize: 0
10/02/2023 12:26:52 io.netty.buffer.ByteBufUtil -Dio.netty.maxThreadLocalCharBufferSize: 16384
10/02/2023 12:26:52 io.netty.channel.DefaultChannelId -Dio.netty.processId: 10348 (auto-detected)
10/02/2023 12:26:52 io.netty.util.NetUtil -Djava.net.preferIPv4Stack: false
10/02/2023 12:26:52 io.netty.util.NetUtil -Djava.net.preferIPv6Addresses: false
10/02/2023 12:26:52 io.netty.util.NetUtilInitializations Loopback interface: lo (Software Loopback Interface 1, 127.0.0.1)
10/02/2023 12:26:52 io.netty.util.NetUtil Failed to get SOMAXCONN from sysctl and file \proc\sys\net\core\somaxconn. Default: 200
10/02/2023 12:26:53 io.netty.channel.DefaultChannelId -Dio.netty.machineId: d8:c0:a6:ff:fe:39:97:b3 (auto-detected)
10/02/2023 12:26:53 io.netty.buffer.AbstractByteBuf -Dio.netty.buffer.checkAccessible: true
10/02/2023 12:26:53 io.netty.buffer.AbstractByteBuf -Dio.netty.buffer.checkBounds: true
10/02/2023 12:26:53 io.netty.util.ResourceLeakDetectorFactory Loaded default ResourceLeakDetector: io.netty.util.ResourceLeakDetector@2c843fd3
10/02/2023 12:26:53 io.netty.util.Recycler -Dio.netty.recycler.maxCapacityPerThread: 4096
10/02/2023 12:26:53 io.netty.util.Recycler -Dio.netty.recycler.ratio: 8
10/02/2023 12:26:53 io.netty.util.Recycler -Dio.netty.recycler.chunkSize: 32
10/02/2023 12:26:53 io.netty.util.Recycler -Dio.netty.recycler.blocking: false
10/02/2023 12:26:55 io.netty.handler.codec.compression.Brotli brotli4j not in the classpath; Brotli support will be unavailable.
10/02/2023 12:26:55 io.netty.util.internal.ThreadLocalRandom -Dio.netty.initialSeedUniquifier: 0x1e02a348055f1125
10/02/2023 12:27:02 com.crm.qa.base.TestBase **********************Entering url****************
10/02/2023 12:27:04 com.crm.qa.base.TestBase *********************Starting First Signup Test**********************
10/02/2023 12:27:04 com.crm.qa.base.TestBase *********************Ending signuppage testcases**********************
10/02/2023 12:27:05 com.crm.qa.base.TestBase *********************Starting login testcases**********************
10/02/2023 12:27:20 com.crm.qa.base.TestBase **********************Entering url****************
10/02/2023 12:27:20 com.crm.qa.base.TestBase *********************Starting First Login Test**********************
10/02/2023 12:27:20 com.crm.qa.base.TestBase LoginPage title: Amazon Sign In
10/02/2023 12:27:20 com.crm.qa.base.TestBase *********************Ending login testcases**********************
10/02/2023 12:27:21 com.crm.qa.base.TestBase *********************Starting login testcases**********************
10/02/2023 12:27:26 com.crm.qa.base.TestBase **********************Entering url****************
10/02/2023 12:27:37 com.crm.qa.base.TestBase *********************Starting homepage testcases**********************
10/02/2023 12:27:47 com.crm.qa.base.TestBase **********************Entering url****************
10/02/2023 12:27:55 com.crm.qa.base.TestBase *********************Starting First Homepage Test**********************
10/02/2023 12:27:56 com.crm.qa.base.TestBase *********************Ending login testcases**********************
10/02/2023 12:27:57 com.crm.qa.base.TestBase *********************Starting homepage testcases**********************
10/02/2023 12:28:03 com.crm.qa.base.TestBase **********************Entering url****************
10/02/2023 12:28:07 com.crm.qa.base.TestBase *********************Starting second Homepage Test**********************
10/02/2023 12:28:11 com.crm.qa.base.TestBase *********************Ending login testcases**********************
10/02/2023 12:28:12 com.crm.qa.base.TestBase *********************Starting homepage testcases**********************
10/02/2023 12:28:16 com.crm.qa.base.TestBase **********************Entering url****************
10/02/2023 12:28:23 com.crm.qa.base.TestBase *********************Starting homepage testcases**********************
10/02/2023 12:28:27 com.crm.qa.base.TestBase **********************Entering url****************
